[     289ms] [WARNING] [itrace says] using cookieStore @ https://g.alicdn.com/woodpeckerx/itrace-next/??itrace-jserror.iife.js,itrace-interface.iife.js,itrace-perf.iife.js,itrace-flow.iife.js,itrace-blank.iife.js,itrace-resource.iife.js,itrace-fluency.iife.js,itrace.iife.js:7
[    1015ms] [ERROR] Failed to load resource: net::ERR_CONNECTION_CLOSED @ https://log.mmstat.com/eg.js:0
[    1044ms] [LOG] %c [APLUS] -- APLUS INIT SUCCESS background:#3B82FE; padding: 4px; padding-right: 8px; border-radius: 4px; color: #fff; @ :1
[    1045ms] [ERROR] Failed to load resource: net::ERR_CONNECTION_CLOSED @ https://log.mmstat.com/eg.js:0
[    1065ms] [ERROR] Failed to load resource: net::ERR_CONNECTION_CLOSED @ https://log.mmstat.com/eg.js:0
[    1077ms] [ERROR] Failed to load resource: net::ERR_CONNECTION_CLOSED @ https://log.mmstat.com/v.gif:0
[    1089ms] [ERROR] Failed to load resource: net::ERR_CONNECTION_CLOSED @ https://d-gm.mmstat.com/aes.1.1:0
[    1095ms] [ERROR] Failed to load resource: net::ERR_CONNECTION_CLOSED @ https://d-gm.mmstat.com/aes.1.1:0
[    1422ms] [ERROR] Failed to load resource: net::ERR_CONNECTION_CLOSED @ https://log.mmstat.com/eg.js:0
[    1452ms] [ERROR] Failed to load resource: net::ERR_CONNECTION_CLOSED @ https://d-gm.mmstat.com/aes.1.1:0
[    1515ms] [ERROR] Failed to load resource: net::ERR_CONNECTION_CLOSED @ https://log.mmstat.com/eg.js:0
[    1544ms] [ERROR] Failed to load resource: net::ERR_CONNECTION_CLOSED @ https://d-gm.mmstat.com/tongyiqianwen.web.clkEvent?gmkey=OTHER&gokey=spm-url%3D%26spm-pre%3D%26spm-cnt%3D5176.28103460.0.0.7bdd6308UWzJSD%26_f_t%3Dfalse%26pid%3Dtongyiqianwen%26eventId%3DsendRequest_error%26et%3DSYS%26c1%3DBizError%3A%20%E7%99%BB%E5%BD%95%E4%BB%A4%E7%89%8C%E5%A4%B1%E6%95%88%EF%BC%8C%E5%BB%BA%E8%AE%AE%E5%88%B7%E6%96%B0%E4%B8%80%E4%B8%8B%26orgid%3Dtongyi%26typarm1%3Dweb%26typarm2%3D%26typarm3%3Donline%26typarm4%3Dtongyi%26cache%3D9baa467%26jsver%3Daplus.js%26lver%3D1.13.27%26customSdkId%3D%26platformType%3Dpc%26device_model%3DWindows%26os%3DWindows%26os_version%3Dwin10%26language%3Dzh-CN%26o%3Dwin10%26w%3Dwebkit%26s%3D1920x1080%26scr%3D1920x1080%26m%3D360ee%26ism%3Dpc%26p%3D1%26b%3Dchrome146%26tag%3D0%26stag%3D-3%26lstag%3D-1%26_g_encode%3Dutf-8&cna=&spm-cnt=5176.28103460.0.0.7bdd6308UWzJSD&logtype=2&scr=1920x1080&_p_url=https%3A%2F%2Fwww.qianwen.com%2Fchat%2F919838eeffaf48139a7e9f98d1b019b9:0
[    1544ms] [WARNING] [APLUS] -- 日志上报失败，注意，要切成动态网络啦! @ :2
[    1544ms] [ERROR] Failed to load resource: net::ERR_CONNECTION_CLOSED @ https://log.mmstat.com/eg.js:0
[    1574ms] [ERROR] Failed to load resource: net::ERR_CONNECTION_CLOSED @ https://d-gm.mmstat.com/aes.1.1:0
[    1588ms] [ERROR] Failed to load resource: net::ERR_CONNECTION_CLOSED @ https://log.mmstat.com/eg.js:0
[    1606ms] [ERROR] Failed to load resource: net::ERR_CONNECTION_CLOSED @ https://log.mmstat.com/eg.js:0
[    1616ms] [ERROR] Failed to load resource: net::ERR_CONNECTION_CLOSED @ https://d-gm.mmstat.com/aes.1.1:0
[    1632ms] [ERROR] Failed to load resource: net::ERR_CONNECTION_CLOSED @ https://d-gm.mmstat.com/aes.1.1:0
[    2136ms] [LOG] Thu Apr 02 2026 01:33:33 GMT+0800 (中国标准时间) @ https://g.alicdn.com/AWSC/et/1.83.41/et_f.js:1
[    2153ms] [ERROR] Failed to load resource: net::ERR_CONNECTION_CLOSED @ https://s-gm.mmstat.com/arms.1.1:0
[    2221ms] [LOG] Thu Apr 02 2026 01:33:33 GMT+0800 (中国标准时间) @ https://g.alicdn.com/AWSC/et/1.83.41/et_f.js:1
[    2222ms] [ERROR] Failed to load resource: net::ERR_CONNECTION_CLOSED @ https://log.mmstat.com/eg.js?t=1775064813668:0
[    2316ms] [ERROR] Permissions policy violation: accelerometer is not allowed in this document. @ https://g.alicdn.com/AWSC/fireyejs/1.231.69/fireyejs.js:0
[    2316ms] [WARNING] The deviceorientation events are blocked by permissions policy. See https://github.com/w3c/webappsec-permissions-policy/blob/master/features.md#sensor-features @ https://g.alicdn.com/AWSC/fireyejs/1.231.69/fireyejs.js:0
[    2320ms] [ERROR] Failed to load resource: net::ERR_CONNECTION_CLOSED @ https://s-gm.mmstat.com/arms.1.1:0
[    2339ms] [ERROR] Failed to load resource: net::ERR_CONNECTION_CLOSED @ https://gm.mmstat.com/havana-minilogin.hvn_minilogin_page.page_show?gmkey=EXP&gokey=newSimLogin%3Dfalse%26appName%3Dtongyi%26appEntrance%3Dtongyi%26loginFrom%3D%26bizId%3D%26defaultView%3Dsms%26behaviorTraceId%3D_213e03df17750648127487354e17b7%26currentView%3Dsms%26queue%3D1%26frame%3D1%26release%3D0.10.33%26parentUrl%3D%26jsver%3Daplus_std%26lver%3D8.15.25%26pver%3D0.7.12%26cache%3D310f8b3%26page_cna%3D%26_slog%3D0&cna=&_p_url=https%3A%2F%2Fpassport.qianwen.com%2Fhavanaone%2Flogin%2Flogin.htm%3FbizPassParams%3D%2526x-platform%253DexternalH5%26bizEntrance%3Dtongyi%26bizName%3Dtongyi%26redirectType%3DtopRedirect%26lang%3Dzh_CN%26returnUrl%3Dhttps%253A%252F%252Fwww.qianwen.com%252Fchat%252F919838eeffaf48139a7e9f98d1b019b9&spm-cnt=0.0.0.0.16e61b05zGz5CO&logtype=2:0
[    2340ms] [ERROR] Failed to load resource: net::ERR_CONNECTION_CLOSED @ https://gm.mmstat.com/havana-minilogin.hvn_minilogin_page.login_page_show?gmkey=CLK&gokey=newSimLogin%3Dfalse%26appName%3Dtongyi%26appEntrance%3Dtongyi%26loginFrom%3D%26bizId%3D%26defaultView%3Dsms%26behaviorTraceId%3D_213e03df17750648127487354e17b7%26currentView%3Dsms%26queue%3D1%257C2%26frame%3D1%26release%3D0.10.33%26parentUrl%3D%26jsver%3Daplus_std%26lver%3D8.15.25%26pver%3D0.7.12%26cache%3D4453d49%26page_cna%3D%26_slog%3D0&cna=&_p_url=https%3A%2F%2Fpassport.qianwen.com%2Fhavanaone%2Flogin%2Flogin.htm%3FbizPassParams%3D%2526x-platform%253DexternalH5%26bizEntrance%3Dtongyi%26bizName%3Dtongyi%26redirectType%3DtopRedirect%26lang%3Dzh_CN%26returnUrl%3Dhttps%253A%252F%252Fwww.qianwen.com%252Fchat%252F919838eeffaf48139a7e9f98d1b019b9&spm-cnt=0.0.0.0.16e61b05zGz5CO&logtype=2:0
[    2341ms] [ERROR] Failed to load resource: net::ERR_CONNECTION_CLOSED @ https://gm.mmstat.com/havana-minilogin.hvn_minilogin_page.postMessage?gmkey=OTHER&gokey=newSimLogin%3Dfalse%26appName%3Dtongyi%26appEntrance%3Dtongyi%26loginFrom%3D%26bizId%3D%26defaultView%3Dsms%26behaviorTraceId%3D_213e03df17750648127487354e17b7%26currentView%3Dsms%26queue%3D1%257C2%257C3%26frame%3D1%26release%3D0.10.33%26parentUrl%3D%26url%3Dhttps%25253A%25252F%25252Fwww.qianwen.com%25252F%26jsver%3Daplus_std%26lver%3D8.15.25%26pver%3D0.7.12%26cache%3D405451d%26page_cna%3D%26_slog%3D0&cna=&_p_url=https%3A%2F%2Fpassport.qianwen.com%2Fhavanaone%2Flogin%2Flogin.htm%3FbizPassParams%3D%2526x-platform%253DexternalH5%26bizEntrance%3Dtongyi%26bizName%3Dtongyi%26redirectType%3DtopRedirect%26lang%3Dzh_CN%26returnUrl%3Dhttps%253A%252F%252Fwww.qianwen.com%252Fchat%252F919838eeffaf48139a7e9f98d1b019b9&spm-cnt=0.0.0.0.16e61b05zGz5CO&logtype=2:0
[    2344ms] [ERROR] Failed to load resource: net::ERR_CONNECTION_CLOSED @ https://log.mmstat.com/y.gif?logtype=0&title=%E7%99%BB%E5%BD%95&pre=https%3A%2F%2Fwww.qianwen.com%2F&scr=1920x1080&_p_url=https%3A%2F%2Fpassport.qianwen.com%2Fhavanaone%2Flogin%2Flogin.htm%3FbizPassParams%3D%2526x-platform%253DexternalH5%26bizEntrance%3Dtongyi%26bizName%3Dtongyi%26redirectType%3DtopRedirect%26lang%3Dzh_CN%26returnUrl%3Dhttps%253A%252F%252Fwww.qianwen.com%252Fchat%252F919838eeffaf48139a7e9f98d1b019b9&spm-cnt=0.0.0.0.16e61b05zGz5CO&category=&aplus&yunid=&&trid=213e03df17750648127487354e17b7&asid=AQAAAADsVs1p1lHbVAAAAAAAtesNQTBv0g==&p=1&o=win10&b=chrome146&s=1920x1080&w=webkit&ism=pc&cache=69e161f&lver=8.15.25&jsver=aplus_std&pver=0.7.12&_pw=0&_ph=0&tag=0&stag=-3&lstag=-1&_slog=0:0
[    2344ms] [ERROR] Failed to load resource: net::ERR_CONNECTION_CLOSED @ https://s-gm.mmstat.com/arms.1.1:0
[    2364ms] [ERROR] Failed to load resource: net::ERR_CONNECTION_CLOSED @ https://s-gm.mmstat.com/arms.1.1:0
[    2364ms] [ERROR] Failed to load resource: net::ERR_CONNECTION_CLOSED @ https://s-gm.mmstat.com/arms.1.2:0
[    2366ms] [ERROR] Failed to load resource: net::ERR_CONNECTION_CLOSED @ https://log.mmstat.com/eg.js:0
[    2415ms] [ERROR] Failed to load resource: net::ERR_CONNECTION_CLOSED @ https://d-gm.mmstat.com/aes.1.1:0
[    2418ms] [ERROR] Permissions policy violation: gyroscope is not allowed in this document. @ https://g.alicdn.com/secdev/sufei_data/3.9.14/index.js:0
[    2418ms] [ERROR] Permissions policy violation: accelerometer is not allowed in this document. @ https://g.alicdn.com/secdev/sufei_data/3.9.14/index.js:0
[    2418ms] [WARNING] The deviceorientation events are blocked by permissions policy. See https://github.com/w3c/webappsec-permissions-policy/blob/master/features.md#sensor-features @ https://g.alicdn.com/secdev/sufei_data/3.9.14/index.js:0
[    2520ms] [ERROR] Failed to load resource: net::ERR_CONNECTION_CLOSED @ https://log.mmstat.com/eg.js:0
[    2563ms] [ERROR] Failed to load resource: net::ERR_CONNECTION_CLOSED @ https://d-gm.mmstat.com/aes.1.1:0
[    2694ms] [ERROR] Failed to load resource: net::ERR_CONNECTION_CLOSED @ https://log.mmstat.com/eg.js:0
[    2726ms] [ERROR] Failed to load resource: net::ERR_CONNECTION_CLOSED @ https://d-gm.mmstat.com/aes.1.1:0
[    2726ms] [ERROR] Failed to load resource: net::ERR_CONNECTION_CLOSED @ https://log.mmstat.com/eg.js:0
[    2729ms] [ERROR] Failed to load resource: net::ERR_CONNECTION_CLOSED @ https://gm.mmstat.com/havana-minilogin.hvn_minilogin_page.postMessage:0
[    2730ms] [ERROR] Failed to load resource: net::ERR_CONNECTION_CLOSED @ https://gm.mmstat.com/havana-minilogin.hvn_minilogin_page.postMessage:0
[    2754ms] [ERROR] Failed to load resource: net::ERR_CONNECTION_CLOSED @ https://d-gm.mmstat.com/aes.1.1:0
[    2876ms] Error: 会话不存在
    at p.profile (https://g.alicdn.com/code/npm/@ali/qianwen-web/2.3.41/web/js/main.js:494:279478)
    at https://g.alicdn.com/code/npm/@ali/qianwen-web/2.3.41/web/js/main.js:533:229573
[    2876ms] [ERROR] Failed to load resource: net::ERR_CONNECTION_CLOSED @ https://log.mmstat.com/eg.js:0
[    2942ms] [ERROR] Failed to load resource: net::ERR_CONNECTION_CLOSED @ https://log.mmstat.com/eg.js:0
[    2960ms] [ERROR] Failed to load resource: net::ERR_CONNECTION_CLOSED @ https://d-gm.mmstat.com/aes.1.1:0
[    2970ms] [ERROR] Failed to load resource: net::ERR_CONNECTION_CLOSED @ https://d-gm.mmstat.com/aes.1.1:0
[    3012ms] [ERROR] Failed to load resource: net::ERR_CONNECTION_CLOSED @ https://log.mmstat.com/eg.js:0
[    3024ms] [ERROR] Permissions policy violation: accelerometer is not allowed in this document. @ https://g.alicdn.com/AWSC/fireyejs/1.231.69/fireyejs.js:0
[    3024ms] [WARNING] The devicemotion events are blocked by permissions policy. See https://github.com/w3c/webappsec-permissions-policy/blob/master/features.md#sensor-features @ https://g.alicdn.com/AWSC/fireyejs/1.231.69/fireyejs.js:0
[    3046ms] [ERROR] Failed to load resource: net::ERR_CONNECTION_CLOSED @ https://d-gm.mmstat.com/aes.1.1:0
[    3331ms] [ERROR] Failed to load resource: net::ERR_CONNECTION_CLOSED @ https://log.mmstat.com/eg.js?t=1775064814817:0
[    3334ms] [ERROR] Failed to load resource: net::ERR_CONNECTION_CLOSED @ https://s-gm.mmstat.com/arms.1.1:0
[    4473ms] [WARNING] The ScriptProcessorNode is deprecated. Use AudioWorkletNode instead. (https://bit.ly/audio-worklet) @ https://g.alicdn.com/AWSC/fireyejs/1.231.69/fireyejs.js:0
[    4629ms] [ERROR] Failed to load resource: net::ERR_CONNECTION_CLOSED @ https://log.mmstat.com/eg.js?t=1775064816091:0
[    4679ms] [LOG] Thu Apr 02 2026 01:33:36 GMT+0800 (中国标准时间) @ https://g.alicdn.com/AWSC/et/1.83.41/et_f.js:1
[    4701ms] [ERROR] Failed to load resource: net::ERR_CONNECTION_CLOSED @ https://s-gm.mmstat.com/arms.1.1:0
[    4745ms] [ERROR] Permissions policy violation: accelerometer is not allowed in this document. @ https://g.alicdn.com/AWSC/fireyejs/1.231.69/fireyejs.js:0
[    4745ms] [WARNING] The deviceorientation events are blocked by permissions policy. See https://github.com/w3c/webappsec-permissions-policy/blob/master/features.md#sensor-features @ https://g.alicdn.com/AWSC/fireyejs/1.231.69/fireyejs.js:0
[    4749ms] [ERROR] Failed to load resource: net::ERR_CONNECTION_CLOSED @ https://s-gm.mmstat.com/arms.1.1:0
[    4768ms] [ERROR] Failed to load resource: net::ERR_CONNECTION_CLOSED @ https://gm.mmstat.com/havana-minilogin.hvn_minilogin_page.page_show?gmkey=EXP&gokey=newSimLogin%3Dfalse%26appName%3Dtongyi%26appEntrance%3Dtongyi%26loginFrom%3D%26bizId%3D%26defaultView%3Dsms%26behaviorTraceId%3D_213e03df17750648162077362e17b7%26currentView%3Dsms%26queue%3D1%26frame%3D1%26release%3D0.10.33%26parentUrl%3D%26jsver%3Daplus_std%26lver%3D8.15.25%26pver%3D0.7.12%26cache%3D64ebc58%26page_cna%3D%26_slog%3D0&cna=&_p_url=https%3A%2F%2Fpassport.qianwen.com%2Fhavanaone%2Flogin%2Flogin.htm%3FbizPassParams%3D%2526x-platform%253DexternalH5%26bizEntrance%3Dtongyi%26bizName%3Dtongyi%26redirectType%3DtopRedirect%26lang%3Dzh_CN%26returnUrl%3Dhttps%253A%252F%252Fwww.qianwen.com%252F&spm-cnt=0.0.0.0.783d1b05VGQ2qD&logtype=2:0
[    4774ms] [ERROR] Failed to load resource: net::ERR_CONNECTION_CLOSED @ https://gm.mmstat.com/havana-minilogin.hvn_minilogin_page.login_page_show?gmkey=CLK&gokey=newSimLogin%3Dfalse%26appName%3Dtongyi%26appEntrance%3Dtongyi%26loginFrom%3D%26bizId%3D%26defaultView%3Dsms%26behaviorTraceId%3D_213e03df17750648162077362e17b7%26currentView%3Dsms%26queue%3D1%257C2%26frame%3D1%26release%3D0.10.33%26parentUrl%3D%26jsver%3Daplus_std%26lver%3D8.15.25%26pver%3D0.7.12%26cache%3D950d9e9%26page_cna%3D%26_slog%3D0&cna=&_p_url=https%3A%2F%2Fpassport.qianwen.com%2Fhavanaone%2Flogin%2Flogin.htm%3FbizPassParams%3D%2526x-platform%253DexternalH5%26bizEntrance%3Dtongyi%26bizName%3Dtongyi%26redirectType%3DtopRedirect%26lang%3Dzh_CN%26returnUrl%3Dhttps%253A%252F%252Fwww.qianwen.com%252F&spm-cnt=0.0.0.0.783d1b05VGQ2qD&logtype=2:0
[    4774ms] [ERROR] Failed to load resource: net::ERR_CONNECTION_CLOSED @ https://gm.mmstat.com/havana-minilogin.hvn_minilogin_page.postMessage?gmkey=OTHER&gokey=newSimLogin%3Dfalse%26appName%3Dtongyi%26appEntrance%3Dtongyi%26loginFrom%3D%26bizId%3D%26defaultView%3Dsms%26behaviorTraceId%3D_213e03df17750648162077362e17b7%26currentView%3Dsms%26queue%3D1%257C2%257C3%26frame%3D1%26release%3D0.10.33%26parentUrl%3D%26url%3Dhttps%25253A%25252F%25252Fwww.qianwen.com%25252F%26jsver%3Daplus_std%26lver%3D8.15.25%26pver%3D0.7.12%26cache%3D9c09912%26page_cna%3D%26_slog%3D0&cna=&_p_url=https%3A%2F%2Fpassport.qianwen.com%2Fhavanaone%2Flogin%2Flogin.htm%3FbizPassParams%3D%2526x-platform%253DexternalH5%26bizEntrance%3Dtongyi%26bizName%3Dtongyi%26redirectType%3DtopRedirect%26lang%3Dzh_CN%26returnUrl%3Dhttps%253A%252F%252Fwww.qianwen.com%252F&spm-cnt=0.0.0.0.783d1b05VGQ2qD&logtype=2:0
[    4774ms] [ERROR] Failed to load resource: net::ERR_CONNECTION_CLOSED @ https://log.mmstat.com/y.gif?logtype=0&title=%E7%99%BB%E5%BD%95&pre=https%3A%2F%2Fwww.qianwen.com%2F&scr=1920x1080&_p_url=https%3A%2F%2Fpassport.qianwen.com%2Fhavanaone%2Flogin%2Flogin.htm%3FbizPassParams%3D%2526x-platform%253DexternalH5%26bizEntrance%3Dtongyi%26bizName%3Dtongyi%26redirectType%3DtopRedirect%26lang%3Dzh_CN%26returnUrl%3Dhttps%253A%252F%252Fwww.qianwen.com%252F&spm-cnt=0.0.0.0.783d1b05VGQ2qD&category=&aplus&yunid=&&trid=213e03df17750648162077362e17b7&asid=AQAAAADwVs1p0fhnTgAAAADEbbIxRhLzug==&p=1&o=win10&b=chrome146&s=1920x1080&w=webkit&ism=pc&cache=88896fa&lver=8.15.25&jsver=aplus_std&pver=0.7.12&_pw=360&_ph=439&tag=0&stag=-3&lstag=-1&_slog=0:0
[    4774ms] [ERROR] Failed to load resource: net::ERR_CONNECTION_CLOSED @ https://s-gm.mmstat.com/arms.1.1:0
[    4774ms] [ERROR] Failed to load resource: net::ERR_CONNECTION_CLOSED @ https://s-gm.mmstat.com/arms.1.2:0
[    4774ms] [ERROR] Failed to load resource: net::ERR_CONNECTION_CLOSED @ https://s-gm.mmstat.com/arms.1.1:0
[    4779ms] [ERROR] Failed to load resource: net::ERR_CONNECTION_CLOSED @ https://log.mmstat.com/eg.js:0
[    4784ms] [ERROR] Permissions policy violation: gyroscope is not allowed in this document. @ https://g.alicdn.com/secdev/sufei_data/3.9.14/index.js:0
[    4784ms] [ERROR] Permissions policy violation: accelerometer is not allowed in this document. @ https://g.alicdn.com/secdev/sufei_data/3.9.14/index.js:0
[    4784ms] [WARNING] The deviceorientation events are blocked by permissions policy. See https://github.com/w3c/webappsec-permissions-policy/blob/master/features.md#sensor-features @ https://g.alicdn.com/secdev/sufei_data/3.9.14/index.js:0
[    4810ms] [ERROR] Failed to load resource: net::ERR_CONNECTION_CLOSED @ https://d-gm.mmstat.com/aes.1.1:0
[    4810ms] [ERROR] Failed to load resource: net::ERR_CONNECTION_CLOSED @ https://d-gm.mmstat.com/aes.1.1:0
[    5289ms] [ERROR] Failed to load resource: net::ERR_CONNECTION_CLOSED @ https://gm.mmstat.com/havana-minilogin.hvn_minilogin_page.postMessage:0
[    5289ms] [ERROR] Failed to load resource: net::ERR_CONNECTION_CLOSED @ https://gm.mmstat.com/havana-minilogin.hvn_minilogin_page.postMessage:0
[    5365ms] [WARNING] The ScriptProcessorNode is deprecated. Use AudioWorkletNode instead. (https://bit.ly/audio-worklet) @ https://g.alicdn.com/AWSC/fireyejs/1.231.69/fireyejs.js:0
[    5377ms] [ERROR] Failed to load resource: net::ERR_CONNECTION_CLOSED @ https://gm.mmstat.com/havana-minilogin.hvn_minilogin_page.sms.phone.focus:0
[    5585ms] [ERROR] Permissions policy violation: accelerometer is not allowed in this document. @ https://g.alicdn.com/AWSC/fireyejs/1.231.69/fireyejs.js:0
[    5585ms] [WARNING] The devicemotion events are blocked by permissions policy. See https://github.com/w3c/webappsec-permissions-policy/blob/master/features.md#sensor-features @ https://g.alicdn.com/AWSC/fireyejs/1.231.69/fireyejs.js:0
[    5761ms] [ERROR] Failed to load resource: net::ERR_CONNECTION_CLOSED @ https://log.mmstat.com/eg.js?t=1775064817247:0
[    5765ms] [ERROR] Failed to load resource: net::ERR_CONNECTION_CLOSED @ https://s-gm.mmstat.com/arms.1.1:0
[    6761ms] [ERROR] Failed to load resource: net::ERR_CONNECTION_CLOSED @ https://log.mmstat.com/eg.js:0
[    6790ms] [ERROR] Failed to load resource: net::ERR_CONNECTION_CLOSED @ https://d-gm.mmstat.com/aes.1.1:0
[    8806ms] [ERROR] Failed to load resource: net::ERR_CONNECTION_CLOSED @ https://log.mmstat.com/eg.js:0
[    8832ms] [ERROR] Failed to load resource: net::ERR_CONNECTION_CLOSED @ https://d-gm.mmstat.com/aes.1.1:0
[   10852ms] [ERROR] Failed to load resource: net::ERR_CONNECTION_CLOSED @ https://log.mmstat.com/eg.js:0
[   10880ms] [ERROR] Failed to load resource: net::ERR_CONNECTION_CLOSED @ https://d-gm.mmstat.com/aes.1.1:0
[   12111ms] [ERROR] Failed to load resource: net::ERR_CONNECTION_CLOSED @ https://gm.mmstat.com/havana-minilogin.hvn_minilogin_page.sms.phone.blur:0
[   12112ms] [ERROR] Failed to load resource: net::ERR_CONNECTION_CLOSED @ https://gm.mmstat.com/havana-minilogin.hvn_minilogin_page.sms.code.focus:0
[   12602ms] [ERROR] Failed to load resource: net::ERR_CONNECTION_CLOSED @ https://gm.mmstat.com/havana-minilogin.hvn_minilogin_page.sms.code.blur:0
[   12674ms] [ERROR] Failed to load resource: net::ERR_CONNECTION_CLOSED @ https://gm.mmstat.com/havana-minilogin.hvn_minilogin_page.sms_page_send_btn:0
[   12677ms] [ERROR] Failed to load resource: net::ERR_CONNECTION_CLOSED @ https://gm.mmstat.com/havana-minilogin.hvn_minilogin_page.postMessage:0
[   12904ms] [ERROR] Failed to load resource: net::ERR_CONNECTION_CLOSED @ https://log.mmstat.com/eg.js:0
[   12932ms] [ERROR] Failed to load resource: net::ERR_CONNECTION_CLOSED @ https://d-gm.mmstat.com/aes.1.1:0
[   13427ms] [ERROR] Failed to load resource: net::ERR_CONNECTION_CLOSED @ https://gm.mmstat.com/havana-minilogin.hvn_minilogin_page.agreeprotocol:0
[   14388ms] [ERROR] Failed to load resource: net::ERR_CONNECTION_CLOSED @ https://gm.mmstat.com/havana-minilogin.hvn_minilogin_page.sms.send.code:0
[   14394ms] [ERROR] Failed to load resource: net::ERR_CONNECTION_CLOSED @ https://gm.mmstat.com/havana-minilogin.hvn_minilogin_page.sms_page_send_btn:0
[   14399ms] [ERROR] Failed to load resource: net::ERR_CONNECTION_CLOSED @ https://gm.mmstat.com/havana-minilogin.hvn_minilogin_page.postMessage:0
[   14541ms] [ERROR] Failed to load resource: net::ERR_CONNECTION_CLOSED @ https://gm.mmstat.com/havana-minilogin.hvn_minilogin_page.sms.code.focus:0
[   14833ms] [ERROR] Failed to load resource: net::ERR_CONNECTION_CLOSED @ https://s-gm.mmstat.com/arms.1.1:0
[   14833ms] [ERROR] Failed to load resource: net::ERR_CONNECTION_CLOSED @ https://gm.mmstat.com/havana-minilogin.hvn_minilogin_page.sms.send.code.success:0
[   14835ms] [ERROR] Failed to load resource: net::ERR_CONNECTION_CLOSED @ https://gm.mmstat.com/havana-minilogin.hvn_minilogin_page.postMessage:0
[   14946ms] [ERROR] Failed to load resource: net::ERR_CONNECTION_CLOSED @ https://log.mmstat.com/eg.js:0
[   14974ms] [ERROR] Failed to load resource: net::ERR_CONNECTION_CLOSED @ https://d-gm.mmstat.com/aes.1.1:0
[   16986ms] [ERROR] Failed to load resource: net::ERR_CONNECTION_CLOSED @ https://log.mmstat.com/eg.js:0
[   17012ms] [ERROR] Failed to load resource: net::ERR_CONNECTION_CLOSED @ https://d-gm.mmstat.com/aes.1.1:0
[   19032ms] [ERROR] Failed to load resource: net::ERR_CONNECTION_CLOSED @ https://log.mmstat.com/eg.js:0
[   19059ms] [ERROR] Failed to load resource: net::ERR_CONNECTION_CLOSED @ https://d-gm.mmstat.com/aes.1.1:0
[   21073ms] [ERROR] Failed to load resource: net::ERR_CONNECTION_CLOSED @ https://log.mmstat.com/eg.js:0
[   21100ms] [ERROR] Failed to load resource: net::ERR_CONNECTION_CLOSED @ https://d-gm.mmstat.com/aes.1.1:0
[   23118ms] [ERROR] Failed to load resource: net::ERR_CONNECTION_CLOSED @ https://log.mmstat.com/eg.js:0
[   23145ms] [ERROR] Failed to load resource: net::ERR_CONNECTION_CLOSED @ https://d-gm.mmstat.com/aes.1.1:0
[   25163ms] [ERROR] Failed to load resource: net::ERR_CONNECTION_CLOSED @ https://log.mmstat.com/eg.js:0
[   25190ms] [ERROR] Failed to load resource: net::ERR_CONNECTION_CLOSED @ https://d-gm.mmstat.com/aes.1.1:0
[   26965ms] [ERROR] Failed to load resource: net::ERR_CONNECTION_CLOSED @ https://gm.mmstat.com/havana-minilogin.hvn_minilogin_page.sms.code.blur:0
[   27094ms] [ERROR] Failed to load resource: net::ERR_CONNECTION_CLOSED @ https://gm.mmstat.com/havana-minilogin.hvn_minilogin_page.sms_page_submit:0
[   27095ms] [ERROR] Failed to load resource: net::ERR_CONNECTION_CLOSED @ https://gm.mmstat.com/havana-minilogin.hvn_minilogin_page.sms_login_btn_submit:0
[   27210ms] [ERROR] Failed to load resource: net::ERR_CONNECTION_CLOSED @ https://log.mmstat.com/eg.js:0
[   27236ms] [ERROR] Failed to load resource: net::ERR_CONNECTION_CLOSED @ https://d-gm.mmstat.com/aes.1.1:0
[   27308ms] [ERROR] Failed to load resource: net::ERR_CONNECTION_CLOSED @ https://s-gm.mmstat.com/arms.1.1:0
[   27308ms] [ERROR] Failed to load resource: net::ERR_CONNECTION_CLOSED @ https://gm.mmstat.com/havana-minilogin.hvn_minilogin_page.sms.login.request:0
[   27309ms] [ERROR] Failed to load resource: net::ERR_CONNECTION_CLOSED @ https://gm.mmstat.com/havana-minilogin.hvn_minilogin_page.login_result:0
[   27318ms] [ERROR] Failed to load resource: net::ERR_CONNECTION_CLOSED @ https://log.mmstat.com/eg.js:0
[   27350ms] [ERROR] Failed to load resource: net::ERR_CONNECTION_CLOSED @ https://d-gm.mmstat.com/aes.1.1:0
[   28479ms] [ERROR] Failed to load resource: net::ERR_CONNECTION_CLOSED @ https://log.mmstat.com/eg.js:0
[   28497ms] [ERROR] Failed to load resource: net::ERR_CONNECTION_CLOSED @ https://log.mmstat.com/eg.js:0
[   28506ms] [LOG] %c [APLUS] -- APLUS INIT SUCCESS background:#3B82FE; padding: 4px; padding-right: 8px; border-radius: 4px; color: #fff; @ :1
[   28507ms] [ERROR] Failed to load resource: net::ERR_CONNECTION_CLOSED @ https://log.mmstat.com/eg.js:0
[   28528ms] [ERROR] Failed to load resource: net::ERR_CONNECTION_CLOSED @ https://d-gm.mmstat.com/aes.1.1:0
[   28538ms] [ERROR] Failed to load resource: net::ERR_CONNECTION_CLOSED @ https://log.mmstat.com/eg.js:0
[   28538ms] [ERROR] Failed to load resource: net::ERR_CONNECTION_CLOSED @ https://d-gm.mmstat.com/aes.1.1:0
[   28540ms] [ERROR] Failed to load resource: net::ERR_CONNECTION_CLOSED @ https://log.mmstat.com/v.gif:0
[   28541ms] [ERROR] Failed to load resource: net::ERR_CONNECTION_CLOSED @ https://d-gm.mmstat.com/aes.1.1:0
[   28571ms] [ERROR] Failed to load resource: net::ERR_CONNECTION_CLOSED @ https://d-gm.mmstat.com/aes.1.1:0
[   28628ms] [LOG] Thu Apr 02 2026 01:34:00 GMT+0800 (中国标准时间) @ https://g.alicdn.com/AWSC/et/1.83.41/et_f.js:1
[   30048ms] [WARNING] The ScriptProcessorNode is deprecated. Use AudioWorkletNode instead. (https://bit.ly/audio-worklet) @ https://g.alicdn.com/AWSC/fireyejs/1.231.69/fireyejs.js:0
[   30066ms] [ERROR] Failed to load resource: net::ERR_CONNECTION_CLOSED @ https://log.mmstat.com/eg.js:0
[   30094ms] [ERROR] Failed to load resource: net::ERR_CONNECTION_CLOSED @ https://d-gm.mmstat.com/aes.1.1:0
[   30170ms] [ERROR] Failed to load resource: net::ERR_CONNECTION_CLOSED @ https://log.mmstat.com/eg.js:0
[   30226ms] [ERROR] Failed to load resource: net::ERR_CONNECTION_CLOSED @ https://log.mmstat.com/eg.js:0
[   30308ms] [ERROR] Failed to load resource: net::ERR_CONNECTION_CLOSED @ https://log.mmstat.com/eg.js:0
[   30325ms] [ERROR] Failed to load resource: net::ERR_CONNECTION_CLOSED @ https://d-gm.mmstat.com/tongyiqianwen.web.clkEvent?gmkey=CLK&gokey=uidaplus%3D1732437010918610528%26spm-url%3D%26spm-pre%3D%26spm-cnt%3D5176.28103460.0.0.14e675516vdgYa%26_f_t%3Dfalse%26pid%3Dtongyiqianwen%26eventId%3DclkSession%26c1%3D61d1a54c517940cb8d3e531de8d83403%26orgid%3Dtongyi%26typarm1%3Dweb%26typarm2%3D1732437010918610528%26typarm3%3Donline%26typarm4%3Dtongyi%26cache%3D2382f0c%26jsver%3Daplus.js%26lver%3D1.13.27%26customSdkId%3D%26platformType%3Dpc%26device_model%3DWindows%26os%3DWindows%26os_version%3Dwin10%26language%3Dzh-CN%26o%3Dwin10%26w%3Dwebkit%26s%3D1920x1080%26scr%3D1920x1080%26m%3D360ee%26ism%3Dpc%26p%3D1%26b%3Dchrome146%26tag%3D0%26stag%3D-3%26lstag%3D-1%26_g_encode%3Dutf-8&cna=&spm-cnt=5176.28103460.0.0.14e675516vdgYa&_gr_uid_=1732437010918610528&uidaplus=1732437010918610528&logtype=2&scr=1920x1080&_p_url=https%3A%2F%2Fwww.qianwen.com%2Fchat%2F61d1a54c517940cb8d3e531de8d83403%3Fst%3Dnull%26bizPassParams%3D%2526x-platform%253DexternalH5:0
[   30325ms] [WARNING] [APLUS] -- 日志上报失败，注意，要切成动态网络啦! @ :2
[   30325ms] [ERROR] Failed to load resource: net::ERR_CONNECTION_CLOSED @ https://d-gm.mmstat.com/aes.1.1:0
[   30345ms] [ERROR] Failed to load resource: net::ERR_CONNECTION_CLOSED @ https://d-gm.mmstat.com/aes.1.1:0
[   30345ms] [ERROR] Failed to load resource: net::ERR_CONNECTION_CLOSED @ https://d-gm.mmstat.com/aes.1.1:0
[   30375ms] [ERROR] Failed to load resource: net::ERR_CONNECTION_CLOSED @ https://log.mmstat.com/eg.js:0
[   30402ms] [ERROR] Failed to load resource: net::ERR_CONNECTION_CLOSED @ https://d-gm.mmstat.com/aes.1.1:0
[   30504ms] [ERROR] Failed to load resource: net::ERR_CONNECTION_CLOSED @ https://log.mmstat.com/eg.js:0
[   30536ms] [ERROR] Failed to load resource: net::ERR_CONNECTION_CLOSED @ https://d-gm.mmstat.com/aes.1.1:0
[   30537ms] [ERROR] Failed to load resource: net::ERR_CONNECTION_CLOSED @ https://log.mmstat.com/eg.js:0
[   30572ms] [ERROR] Failed to load resource: net::ERR_CONNECTION_CLOSED @ https://log.mmstat.com/eg.js:0
[   30573ms] [ERROR] Failed to load resource: net::ERR_CONNECTION_CLOSED @ https://d-gm.mmstat.com/aes.1.1:0
[   30598ms] [ERROR] Failed to load resource: net::ERR_CONNECTION_CLOSED @ https://d-gm.mmstat.com/aes.1.1:0
[   31448ms] [WARNING] Mixed Content: The page at 'https://www.qianwen.com/chat/61d1a54c517940cb8d3e531de8d83403?st=null&bizPassParams=%26x-platform%3DexternalH5' was loaded over HTTPS, but requested an insecure element 'http://s2.zimgs.cn/ims?at=smstruct&kt=url&key=aHR0cHM6Ly9jZG4uc20uY24vdGVtcC8yMDI2MDEwODE2NTgxMi0wZmttaDFocTc5Z3U3bWhlenhvdWJhZ2VrYnd0eHI3aC5QTkc=&sign=yx:KjUycbCJ52xFUcn2OLQYrrwbhIw=&tv=0_0&p='. This request was automatically upgraded to HTTPS, For more information see https://blog.chromium.org/2019/10/no-more-mixed-messages-about-https.html @ https://www.qianwen.com/chat/61d1a54c517940cb8d3e531de8d83403?st=null&bizPassParams=%26x-platform%3DexternalH5:0
[   31448ms] [WARNING] Mixed Content: The page at 'https://www.qianwen.com/chat/61d1a54c517940cb8d3e531de8d83403?st=null&bizPassParams=%26x-platform%3DexternalH5' was loaded over HTTPS, but requested an insecure element 'http://s2.zimgs.cn/ims?at=smstruct&kt=url&key=aHR0cHM6Ly9jZG4uc20uY24vdGVtcC8yMDI2MDEwODE1MzQxOS1iMmV5eWxmMjhpZGhud3F2Mnd2MzZ1Znl5dDEycGcwMS5QTkc=&sign=yx:l9oJYZft0-_Yje9zNepbSmI_Cpo=&tv=0_0&p='. This request was automatically upgraded to HTTPS, For more information see https://blog.chromium.org/2019/10/no-more-mixed-messages-about-https.html @ https://www.qianwen.com/chat/61d1a54c517940cb8d3e531de8d83403?st=null&bizPassParams=%26x-platform%3DexternalH5:0
[   31448ms] [WARNING] Mixed Content: The page at 'https://www.qianwen.com/chat/61d1a54c517940cb8d3e531de8d83403?st=null&bizPassParams=%26x-platform%3DexternalH5' was loaded over HTTPS, but requested an insecure element 'http://s2.zimgs.cn/ims?at=smstruct&kt=url&key=aHR0cHM6Ly9jZG4uc20uY24vdGVtcC8yMDI2MDEyMDE2NTYyOC1yYWwxZnl2cWJyNXhhOXZqMzBobml1OTBuZmo0NDgydy5qcGc=&sign=yx:aL_A12QRYxh_PaZ-GANI7yBodMY=&tv=0_0&p='. This request was automatically upgraded to HTTPS, For more information see https://blog.chromium.org/2019/10/no-more-mixed-messages-about-https.html @ https://www.qianwen.com/chat/61d1a54c517940cb8d3e531de8d83403?st=null&bizPassParams=%26x-platform%3DexternalH5:0
[   31448ms] [WARNING] Mixed Content: The page at 'https://www.qianwen.com/chat/61d1a54c517940cb8d3e531de8d83403?st=null&bizPassParams=%26x-platform%3DexternalH5' was loaded over HTTPS, but requested an insecure element 'http://s2.zimgs.cn/ims?at=smstruct&kt=url&key=aHR0cHM6Ly9jZG4uc20uY24vdGVtcC8yMDI2MDEyMDE2NTYyOC1yYWwxZnl2cWJyNXhhOXZqMzBobml1OTBuZmo0NDgydy5qcGc=&sign=yx:aL_A12QRYxh_PaZ-GANI7yBodMY=&tv=0_0&p='. This request was automatically upgraded to HTTPS, For more information see https://blog.chromium.org/2019/10/no-more-mixed-messages-about-https.html @ https://www.qianwen.com/chat/61d1a54c517940cb8d3e531de8d83403?st=null&bizPassParams=%26x-platform%3DexternalH5:0
[   31448ms] [WARNING] Mixed Content: The page at 'https://www.qianwen.com/chat/61d1a54c517940cb8d3e531de8d83403?st=null&bizPassParams=%26x-platform%3DexternalH5' was loaded over HTTPS, but requested an insecure element 'http://s2.zimgs.cn/ims?at=smstruct&kt=url&key=aHR0cHM6Ly9jZG4uc20uY24vdGVtcC8yMDI2MDEyMDE2NTYyOC1yYWwxZnl2cWJyNXhhOXZqMzBobml1OTBuZmo0NDgydy5qcGc=&sign=yx:aL_A12QRYxh_PaZ-GANI7yBodMY=&tv=0_0&p='. This request was automatically upgraded to HTTPS, For more information see https://blog.chromium.org/2019/10/no-more-mixed-messages-about-https.html @ https://www.qianwen.com/chat/61d1a54c517940cb8d3e531de8d83403?st=null&bizPassParams=%26x-platform%3DexternalH5:0
[   31592ms] [ERROR] Failed to load resource: net::ERR_CONNECTION_CLOSED @ https://log.mmstat.com/eg.js:0
[   31621ms] [ERROR] Failed to load resource: net::ERR_CONNECTION_CLOSED @ https://d-gm.mmstat.com/aes.1.1:0
[   31763ms] [ERROR] Failed to load resource: net::ERR_CONNECTION_CLOSED @ https://log.mmstat.com/eg.js:0
[   31790ms] [ERROR] Failed to load resource: net::ERR_CONNECTION_CLOSED @ https://d-gm.mmstat.com/aes.1.1:0
[   35623ms] [WARNING] The resource https://g.alicdn.com/code/npm/@ali/qianwen-web/2.3.41/web/js/async/2827.js was preloaded using link preload but not used within a few seconds from the window's load event. Please make sure it has an appropriate `as` value and it is preloaded intentionally. @ https://www.qianwen.com/chat/61d1a54c517940cb8d3e531de8d83403?st=null&bizPassParams=%26x-platform%3DexternalH5:0
[   35623ms] [WARNING] The resource https://g.alicdn.com/code/npm/@ali/qianwen-web/2.3.41/web/js/async/1527.js was preloaded using link preload but not used within a few seconds from the window's load event. Please make sure it has an appropriate `as` value and it is preloaded intentionally. @ https://www.qianwen.com/chat/61d1a54c517940cb8d3e531de8d83403?st=null&bizPassParams=%26x-platform%3DexternalH5:0
[   35623ms] [WARNING] The resource https://g.alicdn.com/code/npm/@ali/qianwen-web/2.3.41/web/js/async/3549.js was preloaded using link preload but not used within a few seconds from the window's load event. Please make sure it has an appropriate `as` value and it is preloaded intentionally. @ https://www.qianwen.com/chat/61d1a54c517940cb8d3e531de8d83403?st=null&bizPassParams=%26x-platform%3DexternalH5:0
[   35623ms] [WARNING] The resource https://g.alicdn.com/code/npm/@ali/qianwen-web/2.3.41/web/js/async/6513.js was preloaded using link preload but not used within a few seconds from the window's load event. Please make sure it has an appropriate `as` value and it is preloaded intentionally. @ https://www.qianwen.com/chat/61d1a54c517940cb8d3e531de8d83403?st=null&bizPassParams=%26x-platform%3DexternalH5:0
[   35623ms] [WARNING] The resource https://g.alicdn.com/code/npm/@ali/qianwen-web/2.3.41/web/js/async/7134.js was preloaded using link preload but not used within a few seconds from the window's load event. Please make sure it has an appropriate `as` value and it is preloaded intentionally. @ https://www.qianwen.com/chat/61d1a54c517940cb8d3e531de8d83403?st=null&bizPassParams=%26x-platform%3DexternalH5:0
[   35623ms] [WARNING] The resource https://at.alicdn.com/wf/webfont/c8Rw3f0HBOjE/dRhOcc1ogpnU.woff2 was preloaded using link preload but not used within a few seconds from the window's load event. Please make sure it has an appropriate `as` value and it is preloaded intentionally. @ https://www.qianwen.com/chat/61d1a54c517940cb8d3e531de8d83403?st=null&bizPassParams=%26x-platform%3DexternalH5:0
[   35623ms] [WARNING] The resource https://g.alicdn.com/code/npm/@ali/qianwen-web/2.3.41/web/js/async/1879.js was preloaded using link preload but not used within a few seconds from the window's load event. Please make sure it has an appropriate `as` value and it is preloaded intentionally. @ https://www.qianwen.com/chat/61d1a54c517940cb8d3e531de8d83403?st=null&bizPassParams=%26x-platform%3DexternalH5:0
[   35623ms] [WARNING] The resource https://g.alicdn.com/code/npm/@ali/qianwen-web/2.3.41/web/js/async/2593.js was preloaded using link preload but not used within a few seconds from the window's load event. Please make sure it has an appropriate `as` value and it is preloaded intentionally. @ https://www.qianwen.com/chat/61d1a54c517940cb8d3e531de8d83403?st=null&bizPassParams=%26x-platform%3DexternalH5:0
[   35623ms] [WARNING] The resource https://g.alicdn.com/code/npm/@ali/qianwen-web/2.3.41/web/js/async/1896.js was preloaded using link preload but not used within a few seconds from the window's load event. Please make sure it has an appropriate `as` value and it is preloaded intentionally. @ https://www.qianwen.com/chat/61d1a54c517940cb8d3e531de8d83403?st=null&bizPassParams=%26x-platform%3DexternalH5:0
[   41017ms] [ERROR] Failed to load resource: net::ERR_CONNECTION_CLOSED @ https://log.mmstat.com/eg.js:0
[   41044ms] [ERROR] Failed to load resource: net::ERR_CONNECTION_CLOSED @ https://d-gm.mmstat.com/aes.1.1:0
[   44886ms] [WARNING] The resource https://g.alicdn.com/code/npm/@ali/qianwen-web/2.3.41/web/js/async/2827.js was preloaded using link preload but not used within a few seconds from the window's load event. Please make sure it has an appropriate `as` value and it is preloaded intentionally. @ https://www.qianwen.com/chat/61d1a54c517940cb8d3e531de8d83403?st=null&bizPassParams=%26x-platform%3DexternalH5:0
[   44886ms] [WARNING] The resource https://g.alicdn.com/code/npm/@ali/qianwen-web/2.3.41/web/js/async/1527.js was preloaded using link preload but not used within a few seconds from the window's load event. Please make sure it has an appropriate `as` value and it is preloaded intentionally. @ https://www.qianwen.com/chat/61d1a54c517940cb8d3e531de8d83403?st=null&bizPassParams=%26x-platform%3DexternalH5:0
[   44886ms] [WARNING] The resource https://g.alicdn.com/code/npm/@ali/qianwen-web/2.3.41/web/js/async/3549.js was preloaded using link preload but not used within a few seconds from the window's load event. Please make sure it has an appropriate `as` value and it is preloaded intentionally. @ https://www.qianwen.com/chat/61d1a54c517940cb8d3e531de8d83403?st=null&bizPassParams=%26x-platform%3DexternalH5:0
[   44886ms] [WARNING] The resource https://g.alicdn.com/code/npm/@ali/qianwen-web/2.3.41/web/js/async/6513.js was preloaded using link preload but not used within a few seconds from the window's load event. Please make sure it has an appropriate `as` value and it is preloaded intentionally. @ https://www.qianwen.com/chat/61d1a54c517940cb8d3e531de8d83403?st=null&bizPassParams=%26x-platform%3DexternalH5:0
[   44886ms] [WARNING] The resource https://g.alicdn.com/code/npm/@ali/qianwen-web/2.3.41/web/js/async/7134.js was preloaded using link preload but not used within a few seconds from the window's load event. Please make sure it has an appropriate `as` value and it is preloaded intentionally. @ https://www.qianwen.com/chat/61d1a54c517940cb8d3e531de8d83403?st=null&bizPassParams=%26x-platform%3DexternalH5:0
[   44886ms] [WARNING] The resource https://at.alicdn.com/wf/webfont/c8Rw3f0HBOjE/dRhOcc1ogpnU.woff2 was preloaded using link preload but not used within a few seconds from the window's load event. Please make sure it has an appropriate `as` value and it is preloaded intentionally. @ https://www.qianwen.com/chat/61d1a54c517940cb8d3e531de8d83403?st=null&bizPassParams=%26x-platform%3DexternalH5:0
[   44886ms] [WARNING] The resource https://g.alicdn.com/code/npm/@ali/qianwen-web/2.3.41/web/js/async/1879.js was preloaded using link preload but not used within a few seconds from the window's load event. Please make sure it has an appropriate `as` value and it is preloaded intentionally. @ https://www.qianwen.com/chat/61d1a54c517940cb8d3e531de8d83403?st=null&bizPassParams=%26x-platform%3DexternalH5:0
[   44886ms] [WARNING] The resource https://g.alicdn.com/code/npm/@ali/qianwen-web/2.3.41/web/js/async/2593.js was preloaded using link preload but not used within a few seconds from the window's load event. Please make sure it has an appropriate `as` value and it is preloaded intentionally. @ https://www.qianwen.com/chat/61d1a54c517940cb8d3e531de8d83403?st=null&bizPassParams=%26x-platform%3DexternalH5:0
[   44886ms] [WARNING] The resource https://g.alicdn.com/code/npm/@ali/qianwen-web/2.3.41/web/js/async/1896.js was preloaded using link preload but not used within a few seconds from the window's load event. Please make sure it has an appropriate `as` value and it is preloaded intentionally. @ https://www.qianwen.com/chat/61d1a54c517940cb8d3e531de8d83403?st=null&bizPassParams=%26x-platform%3DexternalH5:0
[   64433ms] [WARNING] The resource https://g.alicdn.com/code/npm/@ali/qianwen-web/2.3.41/web/js/async/2827.js was preloaded using link preload but not used within a few seconds from the window's load event. Please make sure it has an appropriate `as` value and it is preloaded intentionally. @ https://www.qianwen.com/chat/61d1a54c517940cb8d3e531de8d83403?st=null&bizPassParams=%26x-platform%3DexternalH5:0
[   64433ms] [WARNING] The resource https://g.alicdn.com/code/npm/@ali/qianwen-web/2.3.41/web/js/async/1527.js was preloaded using link preload but not used within a few seconds from the window's load event. Please make sure it has an appropriate `as` value and it is preloaded intentionally. @ https://www.qianwen.com/chat/61d1a54c517940cb8d3e531de8d83403?st=null&bizPassParams=%26x-platform%3DexternalH5:0
[   64433ms] [WARNING] The resource https://g.alicdn.com/code/npm/@ali/qianwen-web/2.3.41/web/js/async/3549.js was preloaded using link preload but not used within a few seconds from the window's load event. Please make sure it has an appropriate `as` value and it is preloaded intentionally. @ https://www.qianwen.com/chat/61d1a54c517940cb8d3e531de8d83403?st=null&bizPassParams=%26x-platform%3DexternalH5:0
[   64433ms] [WARNING] The resource https://g.alicdn.com/code/npm/@ali/qianwen-web/2.3.41/web/js/async/6513.js was preloaded using link preload but not used within a few seconds from the window's load event. Please make sure it has an appropriate `as` value and it is preloaded intentionally. @ https://www.qianwen.com/chat/61d1a54c517940cb8d3e531de8d83403?st=null&bizPassParams=%26x-platform%3DexternalH5:0
[   64433ms] [WARNING] The resource https://g.alicdn.com/code/npm/@ali/qianwen-web/2.3.41/web/js/async/7134.js was preloaded using link preload but not used within a few seconds from the window's load event. Please make sure it has an appropriate `as` value and it is preloaded intentionally. @ https://www.qianwen.com/chat/61d1a54c517940cb8d3e531de8d83403?st=null&bizPassParams=%26x-platform%3DexternalH5:0
[   64433ms] [WARNING] The resource https://at.alicdn.com/wf/webfont/c8Rw3f0HBOjE/dRhOcc1ogpnU.woff2 was preloaded using link preload but not used within a few seconds from the window's load event. Please make sure it has an appropriate `as` value and it is preloaded intentionally. @ https://www.qianwen.com/chat/61d1a54c517940cb8d3e531de8d83403?st=null&bizPassParams=%26x-platform%3DexternalH5:0
[   64433ms] [WARNING] The resource https://g.alicdn.com/code/npm/@ali/qianwen-web/2.3.41/web/js/async/1879.js was preloaded using link preload but not used within a few seconds from the window's load event. Please make sure it has an appropriate `as` value and it is preloaded intentionally. @ https://www.qianwen.com/chat/61d1a54c517940cb8d3e531de8d83403?st=null&bizPassParams=%26x-platform%3DexternalH5:0
[   64434ms] [WARNING] The resource https://g.alicdn.com/code/npm/@ali/qianwen-web/2.3.41/web/js/async/2593.js was preloaded using link preload but not used within a few seconds from the window's load event. Please make sure it has an appropriate `as` value and it is preloaded intentionally. @ https://www.qianwen.com/chat/61d1a54c517940cb8d3e531de8d83403?st=null&bizPassParams=%26x-platform%3DexternalH5:0
[   64434ms] [WARNING] The resource https://g.alicdn.com/code/npm/@ali/qianwen-web/2.3.41/web/js/async/1896.js was preloaded using link preload but not used within a few seconds from the window's load event. Please make sure it has an appropriate `as` value and it is preloaded intentionally. @ https://www.qianwen.com/chat/61d1a54c517940cb8d3e531de8d83403?st=null&bizPassParams=%26x-platform%3DexternalH5:0
[   75098ms] [WARNING] The resource https://g.alicdn.com/code/npm/@ali/qianwen-web/2.3.41/web/js/async/2827.js was preloaded using link preload but not used within a few seconds from the window's load event. Please make sure it has an appropriate `as` value and it is preloaded intentionally. @ https://www.qianwen.com/chat/61d1a54c517940cb8d3e531de8d83403?st=null&bizPassParams=%26x-platform%3DexternalH5:0
[   75098ms] [WARNING] The resource https://g.alicdn.com/code/npm/@ali/qianwen-web/2.3.41/web/js/async/1527.js was preloaded using link preload but not used within a few seconds from the window's load event. Please make sure it has an appropriate `as` value and it is preloaded intentionally. @ https://www.qianwen.com/chat/61d1a54c517940cb8d3e531de8d83403?st=null&bizPassParams=%26x-platform%3DexternalH5:0
[   75098ms] [WARNING] The resource https://g.alicdn.com/code/npm/@ali/qianwen-web/2.3.41/web/js/async/3549.js was preloaded using link preload but not used within a few seconds from the window's load event. Please make sure it has an appropriate `as` value and it is preloaded intentionally. @ https://www.qianwen.com/chat/61d1a54c517940cb8d3e531de8d83403?st=null&bizPassParams=%26x-platform%3DexternalH5:0
[   75098ms] [WARNING] The resource https://g.alicdn.com/code/npm/@ali/qianwen-web/2.3.41/web/js/async/6513.js was preloaded using link preload but not used within a few seconds from the window's load event. Please make sure it has an appropriate `as` value and it is preloaded intentionally. @ https://www.qianwen.com/chat/61d1a54c517940cb8d3e531de8d83403?st=null&bizPassParams=%26x-platform%3DexternalH5:0
[   75098ms] [WARNING] The resource https://g.alicdn.com/code/npm/@ali/qianwen-web/2.3.41/web/js/async/7134.js was preloaded using link preload but not used within a few seconds from the window's load event. Please make sure it has an appropriate `as` value and it is preloaded intentionally. @ https://www.qianwen.com/chat/61d1a54c517940cb8d3e531de8d83403?st=null&bizPassParams=%26x-platform%3DexternalH5:0
[   75098ms] [WARNING] The resource https://at.alicdn.com/wf/webfont/c8Rw3f0HBOjE/dRhOcc1ogpnU.woff2 was preloaded using link preload but not used within a few seconds from the window's load event. Please make sure it has an appropriate `as` value and it is preloaded intentionally. @ https://www.qianwen.com/chat/61d1a54c517940cb8d3e531de8d83403?st=null&bizPassParams=%26x-platform%3DexternalH5:0
[   75099ms] [WARNING] The resource https://g.alicdn.com/code/npm/@ali/qianwen-web/2.3.41/web/js/async/1879.js was preloaded using link preload but not used within a few seconds from the window's load event. Please make sure it has an appropriate `as` value and it is preloaded intentionally. @ https://www.qianwen.com/chat/61d1a54c517940cb8d3e531de8d83403?st=null&bizPassParams=%26x-platform%3DexternalH5:0
[   75099ms] [WARNING] The resource https://g.alicdn.com/code/npm/@ali/qianwen-web/2.3.41/web/js/async/2593.js was preloaded using link preload but not used within a few seconds from the window's load event. Please make sure it has an appropriate `as` value and it is preloaded intentionally. @ https://www.qianwen.com/chat/61d1a54c517940cb8d3e531de8d83403?st=null&bizPassParams=%26x-platform%3DexternalH5:0
[   75099ms] [WARNING] The resource https://g.alicdn.com/code/npm/@ali/qianwen-web/2.3.41/web/js/async/1896.js was preloaded using link preload but not used within a few seconds from the window's load event. Please make sure it has an appropriate `as` value and it is preloaded intentionally. @ https://www.qianwen.com/chat/61d1a54c517940cb8d3e531de8d83403?st=null&bizPassParams=%26x-platform%3DexternalH5:0
